2026-01-30 03:22:10 INFO  com.revplay.service.SongService - Browsing songs by genre: Pop
2026-01-30 03:22:10 INFO  com.revplay.service.SongService - Song exists: 10
2026-01-30 03:22:10 INFO  com.revplay.service.SongService - Updating songId: 5
2026-01-30 03:22:10 INFO  com.revplay.service.SongService - Song updated successfully: 5
2026-01-30 03:22:10 INFO  com.revplay.service.SongService - Uploading song: Shape by artistId: 1
2026-01-30 03:22:10 INFO  com.revplay.service.SongService - Song uploaded successfully: Shape
2026-01-30 03:22:10 WARN  com.revplay.service.SongService - Deleting songId: 5
2026-01-30 03:22:10 WARN  com.revplay.service.SongService - Song does not exist: 99
2026-01-30 03:22:10 INFO  com.revplay.service.SongService - Searching songs by title: Love
2026-01-30 03:22:10 INFO  com.revplay.service.SongService - Incrementing play count for songId: 2
2026-01-30 03:22:10 INFO  com.revplay.service.ArtistService - Updating artist profile for userId: 1
2026-01-30 03:22:10 INFO  com.revplay.service.ArtistService - Artist profile creation attempt for userId: 1
2026-01-30 03:22:10 INFO  com.revplay.service.ArtistService - Artist profile created successfully for userId: 1
2026-01-30 03:22:10 INFO  com.revplay.service.ArtistService - Artist profile creation attempt for userId: 1
2026-01-30 03:22:10 WARN  com.revplay.service.ArtistService - Artist profile already exists for userId: 1
2026-01-30 03:22:10 INFO  com.revplay.service.PlayerService - User 1 started playing songId: 10
2026-01-30 03:22:10 INFO  com.revplay.service.PlayerService - Song stopped. songId: 10
2026-01-30 03:22:10 INFO  com.revplay.service.PlayerService - User 1 started playing songId: 10
2026-01-30 03:22:10 INFO  com.revplay.service.PlayerService - User 1 started playing songId: 10
2026-01-30 03:22:10 INFO  com.revplay.service.PlayerService - Song paused. songId: 10
2026-01-30 03:22:10 INFO  com.revplay.service.PlayerService - Song resumed. songId: 10
2026-01-30 03:22:10 INFO  com.revplay.service.PlayerService - User 1 started playing songId: 10
2026-01-30 03:22:10 INFO  com.revplay.service.PlayerService - Song paused. songId: 10
2026-01-30 03:22:10 INFO  com.revplay.service.PlayerService - Song resumed. songId: 10
2026-01-30 03:22:10 WARN  com.revplay.service.PlayerService - Pause attempted but no song is playing
2026-01-30 03:22:10 INFO  com.revplay.service.UserService - Login attempt for input: nikhil
2026-01-30 03:22:10 INFO  com.revplay.service.UserService - Login successful for user: nikhil
2026-01-30 03:22:10 INFO  com.revplay.service.UserService - Registration attempt for username: nikhil, email: nikhil@mail.com
2026-01-30 03:22:10 INFO  com.revplay.service.UserService - User registered successfully: nikhil
2026-01-30 03:22:10 INFO  com.revplay.service.UserService - Password reset attempt for email: mail@test.com
2026-01-30 03:22:10 INFO  com.revplay.service.UserService - Password reset successful for email: mail@test.com
2026-01-30 03:22:10 INFO  com.revplay.service.UserService - Verifying user: nikhil with email: mail@test.com
2026-01-30 03:22:10 INFO  com.revplay.service.RecentlyPlayedService - Adding songId: 101 to recently played for userId: 1
2026-01-30 03:22:10 WARN  com.revplay.service.AlbumService - Deleting albumId: 5
2026-01-30 03:22:10 INFO  com.revplay.service.AlbumService - Creating album 'Hits' for artistId: 1
2026-01-30 03:22:10 INFO  com.revplay.service.AlbumService - Album created successfully: Hits
2026-01-30 03:22:10 INFO  com.revplay.service.AlbumService - Updating albumId: 5
2026-01-30 03:22:10 INFO  com.revplay.service.PlaylistService - Updating playlistId: 5
2026-01-30 03:22:10 INFO  com.revplay.service.PlaylistService - Creating playlist 'MyHits' for userId: 1
2026-01-30 03:22:10 INFO  com.revplay.service.PlaylistService - Playlist created successfully: MyHits
2026-01-30 03:22:10 WARN  com.revplay.service.PlaylistService - Removing songId: 20 from playlistId: 10
2026-01-30 03:22:10 WARN  com.revplay.service.PlaylistService - Deleting playlistId: 5
2026-01-30 03:22:10 INFO  com.revplay.service.PlaylistService - Adding songId: 20 to playlistId: 10
2026-01-30 03:22:10 WARN  com.revplay.service.FavoriteService - User 1 removing songId 10 from favorites
2026-01-30 03:22:10 INFO  com.revplay.service.FavoriteService - User 1 adding songId 10 to favorites
2026-01-30 03:23:29 INFO  com.revplay.service.RecentlyPlayedService - Adding songId: 101 to recently played for userId: 1
2026-01-30 03:26:22 INFO  com.revplay.service.UserService - Login attempt for input: nikhil
2026-01-30 03:26:22 INFO  com.revplay.service.UserService - Login successful for user: nikhil
2026-01-30 03:45:49 INFO  com.revplay.service.UserService - Login attempt for input: nikhil
2026-01-30 03:45:49 INFO  com.revplay.service.UserService - Login successful for user: nikhil
2026-01-30 03:46:43 INFO  com.revplay.service.UserService - Login attempt for input: User
2026-01-30 03:46:43 INFO  com.revplay.service.UserService - Login successful for user: User
2026-01-30 09:27:10 INFO  com.revplay.service.UserService - Login attempt for input: nikhil
2026-01-30 09:27:10 INFO  com.revplay.service.UserService - Login successful for user: nikhil
2026-01-30 09:28:00 INFO  com.revplay.service.UserService - Login attempt for input: nikhil
2026-01-30 09:28:01 INFO  com.revplay.service.UserService - Login successful for user: nikhil
